{"contracts\\MyContracts.sol":{"l":{"9":0,"13":0,"17":0},"path":"C:\\Users\\sangh\\Documents\\seniorProject\\solidity-project\\contracts\\MyContracts.sol","s":{"1":0,"2":0,"3":0},"b":{},"f":{"1":0,"2":0,"3":0},"fnMap":{"1":{"name":"constructor","line":8,"loc":{"start":{"line":8,"column":4},"end":{"line":10,"column":4}}},"2":{"name":"changeName","line":12,"loc":{"start":{"line":12,"column":4},"end":{"line":14,"column":4}}},"3":{"name":"getName","line":16,"loc":{"start":{"line":16,"column":4},"end":{"line":18,"column":4}}}},"statementMap":{"1":{"start":{"line":9,"column":8},"end":{"line":9,"column":19}},"2":{"start":{"line":13,"column":8},"end":{"line":13,"column":19}},"3":{"start":{"line":17,"column":8},"end":{"line":17,"column":19}}},"branchMap":{}},"contracts\\Tuktukfactory.sol":{"l":{"59":1,"74":1,"75":1,"76":1,"77":1,"98":1,"99":1,"114":1,"115":1,"116":1,"117":1,"133":1},"path":"C:\\Users\\sangh\\Documents\\seniorProject\\solidity-project\\contracts\\Tuktukfactory.sol","s":{"1":1,"2":1,"3":1,"4":1,"5":1,"6":1,"7":1,"8":1,"9":1,"10":1,"11":1},"b":{"1":[1,0]},"f":{"1":1,"2":1,"3":1,"4":1},"fnMap":{"1":{"name":"_createCar","line":46,"loc":{"start":{"line":46,"column":4},"end":{"line":91,"column":4}}},"2":{"name":"_generateRandomDna","line":93,"loc":{"start":{"line":93,"column":4},"end":{"line":100,"column":4}}},"3":{"name":"createRandomCar","line":102,"loc":{"start":{"line":102,"column":4},"end":{"line":130,"column":4}}},"4":{"name":"getCar","line":132,"loc":{"start":{"line":132,"column":4},"end":{"line":134,"column":4}}}},"statementMap":{"1":{"start":{"line":59,"column":8},"end":{"line":59,"column":1349}},"2":{"start":{"line":74,"column":8},"end":{"line":74,"column":36}},"3":{"start":{"line":75,"column":8},"end":{"line":75,"column":34}},"4":{"start":{"line":77,"column":8},"end":{"line":77,"column":1800}},"5":{"start":{"line":98,"column":8},"end":{"line":98,"column":59}},"6":{"start":{"line":99,"column":8},"end":{"line":99,"column":32}},"7":{"start":{"line":114,"column":8},"end":{"line":114,"column":46}},"8":{"start":{"line":115,"column":8},"end":{"line":115,"column":50}},"9":{"start":{"line":116,"column":8},"end":{"line":116,"column":42}},"10":{"start":{"line":117,"column":8},"end":{"line":117,"column":2766}},"11":{"start":{"line":133,"column":8},"end":{"line":133,"column":22}}},"branchMap":{"1":{"line":114,"type":"if","locations":[{"start":{"line":114,"column":8},"end":{"line":114,"column":8}},{"start":{"line":114,"column":8},"end":{"line":114,"column":8}}]}}}}